<?xml version="1.0" encoding="utf-8"?><testsuites><testsuite name="pytest" errors="0" failures="0" skipped="0" tests="6" time="1.689" timestamp="2024-03-24T10:12:15.991115" hostname="14ab75f77c0d"><testcase classname="tests.test_category.CategoryTests" name="test_admin_create" time="0.903" /><testcase classname="tests.test_category.CategoryTests" name="test_admin_read" time="0.021" /><testcase classname="tests.test_category.CategoryTests" name="test_anon_create" time="0.019" /><testcase classname="tests.test_category.CategoryTests" name="test_anon_read" time="0.025" /><testcase classname="tests.test_category.CategoryTests" name="test_user_create" time="0.028" /><testcase classname="tests.test_location" name="test_me" time="0.033" /></testsuite></testsuites>